<?xml version="1.0" encoding="UTF-8"?>
<!-- Generated by org.testng.reporters.JUnitReportReporter -->
<testsuite skipped="0" hostname="DESKTOP-KGRR886" name="testcases.SimplilearnLoginTest" tests="3" failures="0" timestamp="17 Sep 2022 04:42:27 GMT" time="108.885" errors="0">
  <testcase name="Test1" time="41.599" classname="testcases.SimplilearnLoginTest"/>
  <testcase name="Test3" time="30.822" classname="testcases.SimplilearnLoginTest"/>
  <testcase name="Test2" time="36.464" classname="testcases.SimplilearnLoginTest"/>
</testsuite> <!-- testcases.SimplilearnLoginTest -->
