<?xml version="1.0" encoding="UTF-8"?>
<!-- Generated by org.testng.reporters.JUnitReportReporter -->
<testsuite skipped="0" hostname="DESKTOP-KGRR886" name="testcases.SimplilearnLoginTest" tests="3" failures="0" timestamp="11 Sep 2022 06:20:28 GMT" time="93.765" errors="0">
  <testcase name="Test1" time="34.785" classname="testcases.SimplilearnLoginTest"/>
  <testcase name="Test2" time="25.689" classname="testcases.SimplilearnLoginTest"/>
  <testcase name="Test3" time="33.291" classname="testcases.SimplilearnLoginTest"/>
</testsuite> <!-- testcases.SimplilearnLoginTest -->
