<?xml version="1.0" encoding="UTF-8"?>
<!-- Generated by org.testng.reporters.JUnitReportReporter -->
<testsuite skipped="0" hostname="DESKTOP-KGRR886" name="testcases.HomeTest" tests="1" failures="0" timestamp="11 Sep 2022 06:20:28 GMT" time="22.361" errors="0">
  <testcase name="Test1" time="22.361" classname="testcases.HomeTest"/>
</testsuite> <!-- testcases.HomeTest -->
