<?xml version="1.0" encoding="UTF-8"?>
<!-- Generated by org.testng.reporters.JUnitReportReporter -->
<testsuite skipped="0" hostname="DESKTOP-KGRR886" name="testcases.HomeTest" tests="1" failures="0" timestamp="2022-09-10T12:40:57 IST" time="66.578" errors="0">
  <testcase name="Test1" time="66.578" classname="testcases.HomeTest"/>
  <system-out/>
</testsuite> <!-- testcases.HomeTest -->
